make all --print-data-base --no-builtin-variables --no-builtin-rules --question
make: *** No rule to make target 'all'.  Stop.

# GNU Make 4.2.1
# Built for x86_64-pc-linux-gnu
# Copyright (C) 1988-2016 Free Software Foundation, Inc.
# License GPLv3+: GNU GPL version 3 or later <http://gnu.org/licenses/gpl.html>
# This is free software: you are free to change and redistribute it.
# There is NO WARRANTY, to the extent permitted by law.

# Make data base, printed on Thu May 12 19:55:19 2022

# Variables

# 'override' directive
GNUMAKEFLAGS := 
# automatic
<D = $(patsubst %/,%,$(dir $<))
# automatic
?F = $(notdir $?)
# makefile (from 'Makefile', line 31)
MUSL-CC = $(MUSL-PREFIX)-gcc
# environment
DESKTOP_SESSION = ubuntu
# default
.SHELLFLAGS := -c
# environment
XDG_SESSION_CLASS = user
# environment
XDG_SESSION_TYPE = x11
# environment
VSCODE_LOG_NATIVE = false
# automatic
?D = $(patsubst %/,%,$(dir $?))
# environment
IM_CONFIG_PHASE = 1
# automatic
@D = $(patsubst %/,%,$(dir $@))
# environment
XAUTHORITY = /run/user/1000/gdm/Xauthority
# environment
GDMSESSION = ubuntu
# environment
XMODIFIERS = @im=ibus
# makefile
CURDIR := /home/levi/go/src/github.com/fluxcd/golang-with-libgit2
# makefile
SHELL = /bin/sh
# makefile (from 'Makefile', line 5)
BUILD_ARGS = 
# environment
VSCODE_NLS_CONFIG = {"locale":"en-gb","availableLanguages":{},"_languagePackSupport":true}
# environment
_ = /usr/share/code/code
# environment
JOURNAL_STREAM = 8:73019
# environment
XDG_CONFIG_DIRS = /etc/xdg/xdg-ubuntu:/etc/xdg
# makefile (from 'Makefile', line 12)
LIBGIT2_LIB_PATH := /home/levi/go/src/github.com/fluxcd/golang-with-libgit2/build/libgit2/lib
# makefile (from 'Makefile', line 1)
MAKEFILE_LIST :=  Makefile
# automatic
@F = $(notdir $@)
# environment
GIO_LAUNCHED_DESKTOP_FILE = /usr/share/applications/code.desktop
# environment
USERNAME = levi
# environment
MANDATORY_PATH = /usr/share/gconf/ubuntu.mandatory.path
# environment
XDG_DATA_DIRS = /usr/share/ubuntu:/usr/local/share/:/usr/share/:/var/lib/snapd/desktop
# environment
VSCODE_AMD_ENTRYPOINT = vs/workbench/api/node/extensionHostProcess
# environment
DBUS_SESSION_BUS_ADDRESS = unix:path=/run/user/1000/bus
# environment
VSCODE_VERBOSE_LOGGING = true
# environment
ACK_GINKGO_DEPRECATIONS = 1.16.4
# environment
MANAGERPID = 3004
# makefile (from 'Makefile', line 9)
BUILD_ROOT_DIR = $(REPOSITORY_ROOT)/build/libgit2-src
# makefile (from 'Makefile', line 20)
CGO_CFLAGS = -I$(LIBGIT2_PATH)/include
# environment
VSCODE_IPC_HOOK_EXTHOST = /run/user/1000/vscode-ipc-99ef0171-3ec1-4402-bce4-91afa95e4f66.sock
# environment
VSCODE_CWD = /home/levi
# environment
GOPROXY = https://proxy.golang.org,direct
# default
MAKE_HOST := x86_64-pc-linux-gnu
# environment
PATH = /home/levi/.local/bin:/usr/local/sbin:/usr/local/bin:/usr/sbin:/usr/bin:/sbin:/bin:/usr/games:/usr/local/games:/snap/bin:/usr/local/go/bin:/home/levi/go/src/k8s.io/kubernetes/third_party/etcd:/home/levi/go/bin:/home/levi/.dotnet/tools/:/home/levi/git/penpwn/tools/bin:/home/levi/.local/bin:/home/levi/go/src/k8s.io/kubernetes/third_party/etcd:/home/levi/.linkerd2/bin:/home/levi/.krew/bin
# environment
GPG_AGENT_INFO = /run/user/1000/gnupg/S.gpg-agent:0:1
# environment
LSCOLORS = Gxfxcxdxbxegedabagacad
# environment
SESSION_MANAGER = local/x-goy:@/tmp/.ICE-unix/3268,unix/x-goy:/tmp/.ICE-unix/3268
# environment
XDG_RUNTIME_DIR = /run/user/1000
# makefile (from 'Makefile', line 18)
LIBRARY_PATH = $(LIBGIT2_LIB_PATH):$(LIBGIT2_LIB64_PATH)
# environment
GOPATH = /home/levi/go
# makefile (from 'Makefile', line 34)
AR = $(MUSL-PREFIX)-ar
# environment
XDG_MENU_PREFIX = gnome-
# environment
VSCODE_LOG_STACK = false
# environment
ELECTRON_RUN_AS_NODE = 1
# environment
INVOCATION_ID = 31489386b92f4c2d9706dbde494f7e2d
# default
.FEATURES := target-specific order-only second-expansion else-if shortest-stem undefine oneshell archives jobserver output-sync check-symlink load
# makefile (from 'Makefile', line 2)
TAG = latest
# environment
LS_COLORS = 
# environment
XDG_SESSION_DESKTOP = ubuntu
# environment
SSH_AUTH_SOCK = /run/user/1000/keyring/ssh
# environment
GIO_LAUNCHED_DESKTOP_FILE_PID = 21659
# automatic
%F = $(notdir $%)
# environment
DISPLAY = :0
# environment
VISUAL = vim
# makefile (from 'Makefile', line 4)
PLATFORMS = linux/amd64,linux/arm/v7,linux/arm64
# environment
VSCODE_PIPE_LOGGING = true
# environment
PWD = /home/levi/go/src/github.com/fluxcd/golang-with-libgit2
# makefile (from 'Makefile', line 13)
LIBGIT2_LIB64_PATH := /home/levi/go/src/github.com/fluxcd/golang-with-libgit2/build/libgit2/lib64
# default
.LOADED := 
# environment
SSH_AGENT_PID = 3231
# makefile (from 'Makefile', line 19)
PKG_CONFIG_PATH = $(LIBGIT2_LIB_PATH)/pkgconfig:$(LIBGIT2_LIB64_PATH)/pkgconfig
# environment
ORIGINAL_XDG_CURRENT_DESKTOP = ubuntu:GNOME
# environment
GTK_MODULES = gail:atk-bridge
# environment
GOMODCACHE = /home/levi/go/pkg/mod
# environment
HOME = /home/levi
# environment
VSCODE_CODE_CACHE_PATH = /home/levi/.config/Code/CachedData/57fd6d0195bb9b9d1b49f6da5db789060795de47
# environment
LOGNAME = levi
# environment
APPLICATION_INSIGHTS_NO_DIAGNOSTIC_CHANNEL = true
# environment
ZSH = /home/levi/.oh-my-zsh
# environment
VSCODE_HANDLES_UNCAUGHT_ERRORS = true
# environment
GNOME_DESKTOP_SESSION_ID = this-is-deprecated
# automatic
^D = $(patsubst %/,%,$(dir $^))
# environment
MAKELEVEL := 0
# makefile (from 'Makefile', line 14)
LIBGIT2 := /home/levi/go/src/github.com/fluxcd/golang-with-libgit2/build/libgit2/lib/libgit2.a
# default
MAKE = $(MAKE_COMMAND)
# default
MAKECMDGOALS := all
# environment
QT_IM_MODULE = ibus
# environment
SHLVL = 0
# makefile (from 'Makefile', line 32)
CC = $(MUSL-PREFIX)-gcc
# environment
GNOME_SHELL_SESSION_MODE = ubuntu
# default
MAKE_VERSION := 4.2.1
# environment
USER = levi
# makefile
.DEFAULT_GOAL := build
# environment
XDG_CURRENT_DESKTOP = Unity
# environment
LIBVIRT_DEFAULT_URI = qemu:///system
# makefile (from 'Makefile', line 17)
CGO_ENABLED = 1
# makefile (from 'Makefile', line 37)
GO_STATIC_FLAGS = -tags 'netgo,osusergo,static_build'
# makefile (from 'Makefile', line 30)
MUSL-PREFIX = $(REPOSITORY_ROOT)/build/musl/$(shell uname -m)-linux-musl-native/bin/$(shell uname -m)-linux-musl
# environment
LESS = -R
# automatic
%D = $(patsubst %/,%,$(dir $%))
# makefile (from 'Makefile', line 1)
IMG = ghcr.io/fluxcd/golang-with-libgit2
# default
MAKE_COMMAND := make
# environment
OLDPWD = /home/levi
# default
.VARIABLES := 
# automatic
*F = $(notdir $*)
# environment
LANGUAGE = en_GB.UTF-8
# environment
VSCODE_IPC_HOOK = /run/user/1000/vscode-2f487ab4-1.67.0-main.sock
# makefile
MAKEFLAGS = pqrR
# environment
MFLAGS = -pqrR
# automatic
*D = $(patsubst %/,%,$(dir $*))
# automatic
+D = $(patsubst %/,%,$(dir $+))
# environment
GDK_BACKEND = x11
# automatic
+F = $(notdir $+)
# environment
NO_AT_BRIDGE = 1
# makefile (from 'Makefile', line 24)
CGO_LDFLAGS = $(shell PKG_CONFIG_PATH=$(PKG_CONFIG_PATH) pkg-config --libs --static --cflags libssh2 openssl libgit2) -static
# environment
QT_ACCESSIBILITY = 1
# environment
DEFAULTS_PATH = /usr/share/gconf/ubuntu.default.path
# 'override' directive
.SHELLSTATUS := 0
# default
MAKEFILES := 
# makefile (from 'Makefile', line 8)
TARGET_DIR = $(REPOSITORY_ROOT)/build/libgit2
# automatic
<F = $(notdir $<)
# makefile (from 'Makefile', line 33)
CXX = $(MUSL-PREFIX)-g++
# makefile (from 'Makefile', line 11)
LIBGIT2_PATH := /home/levi/go/src/github.com/fluxcd/golang-with-libgit2/build/libgit2
# environment
EDITOR = vim
# environment
PAGER = less
# environment
LC_ALL = C
# environment
GJS_DEBUG_TOPICS = JS ERROR;JS LOG
# makefile (from 'Makefile', line 7)
REPOSITORY_ROOT := /home/levi/go/src/github.com/fluxcd/golang-with-libgit2
# automatic
^F = $(notdir $^)
# default
SUFFIXES := 
# environment
CHROME_DESKTOP = code-url-handler.desktop
# environment
WINDOWPATH = 2
# default
.INCLUDE_DIRS = /usr/include /usr/local/include /usr/include
# environment
KUBE_DASHBOARD_KUBECONFIG = /var/run/kubernetes/admin.kubeconfig
# environment
GJS_DEBUG_OUTPUT = stderr
# default
.RECIPEPREFIX := 
# environment
 
LANG = C
# environment
REGISTRY = paulinhu
# environment
VSCODE_PID = 21659
# variable set hash-table stats:
# Load=136/1024=13%, Rehash=0, Collisions=19/216=9%

# Pattern-specific Variable Values

# No pattern-specific variable values.

# Directories

# . (device 64769, inode 39860668): 13 files, no impossibilities.

# 13 files, no impossibilities in 1 directories.

# Implicit Rules

# No implicit rules.

# Files

# Not a target:
all:
#  Command line target.
#  Implicit rule search has been done.
#  File does not exist.
#  File has not been updated.

.PHONY: build test builder
#  Implicit rule search has not been done.
#  Modification time never checked.
#  File has not been updated.

# Not a target:
Makefile:
#  Implicit rule search has been done.
#  Last modified 2022-03-07 21:31:03.378213982
#  File has been updated.
#  Successfully updated.

test:
#  Phony target (prerequisite of .PHONY).
#  Implicit rule search has not been done.
#  File does not exist.
#  File has not been updated.
#  recipe to execute (from 'Makefile', line 50):
	docker buildx build \
		--platform=$(PLATFORMS) \
		--tag $(IMG):$(TAG)-test \
		--build-arg LIBGIT2_IMG=$(IMG) \
		--build-arg LIBGIT2_TAG=$(TAG) \
		--file Dockerfile.test \
		$(BUILD_ARGS) .

build:
#  Phony target (prerequisite of .PHONY).
#  Implicit rule search has not been done.
#  File does not exist.
#  File has not been updated.
#  recipe to execute (from 'Makefile', line 42):
	docker buildx build \
		--platform=$(PLATFORMS) \
		--tag $(IMG):$(TAG) \
		--file Dockerfile \
		$(BUILD_ARGS) .

dev-test: /home/levi/go/src/github.com/fluxcd/golang-with-libgit2/build/libgit2/lib/libgit2.a
#  Implicit rule search has not been done.
#  Modification time never checked.
#  File has not been updated.
#  recipe to execute (from 'Makefile', line 89):
	cd tests/smoketest; go vet $(GO_STATIC_FLAGS) ./...
	cd tests/smoketest; go run $(GO_STATIC_FLAGS) main.go

# Not a target:
.DEFAULT:
#  Implicit rule search has not been done.
#  Modification time never checked.
#  File has not been updated.

/home/levi/go/src/github.com/fluxcd/golang-with-libgit2/build/musl/x86_64-linux-musl-native/bin/x86_64-linux-musl-gcc:
#  Implicit rule search has not been done.
#  Modification time never checked.
#  File has not been updated.
#  recipe to execute (from 'Makefile', line 82):
	./hack/download-musl.sh

builder:
#  Phony target (prerequisite of .PHONY).
#  Implicit rule search has not been done.
#  File does not exist.
#  File has not been updated.
#  recipe to execute (from 'Makefile', line 61):
	docker buildx create --name local-builder \
		--platform $(PLATFORMS) \
		--driver-opt network=host \
		--driver-opt env.BUILDKIT_STEP_LOG_MAX_SIZE=1073741274 \
		--driver-opt env.BUILDKIT_STEP_LOG_MAX_SPEED=5000000000000 \
		--buildkitd-flags '--allow-insecure-entitlement security.insecure' \
		--use
	docker run -it --rm --privileged tonistiigi/binfmt --install all

/home/levi/go/src/github.com/fluxcd/golang-with-libgit2/build/libgit2/lib/libgit2.a: /home/levi/go/src/github.com/fluxcd/golang-with-libgit2/build/musl/x86_64-linux-musl-native/bin/x86_64-linux-musl-gcc
#  Implicit rule search has not been done.
#  Modification time never checked.
#  File has not been updated.
#  recipe to execute (from 'Makefile', line 77):
	IMG_TAG=$(IMG):$(TAG) ./hack/extract-libraries.sh

# files hash-table stats:
# Load=11/1024=1%, Rehash=0, Collisions=0/32=0%
# VPATH Search Paths

# No 'vpath' search paths.

# No general ('VPATH' variable) search path.

# strcache buffers: 1 (0) / strings = 25 / storage = 394 B / avg = 15 B
# current buf: size = 8162 B / used = 394 B / count = 25 / avg = 15 B

# strcache performance: lookups = 45 / hit rate = 44%
# hash-table stats:
# Load=25/8192=0%, Rehash=0, Collisions=1/45=2%
# Finished Make data base on Thu May 12 19:55:19 2022

 
